
=== Fri Mar 15 12:24:05 2019

Packages were changed.
Update Mode: mergeDefaultDependencies

The following packages were added:
  com.unity.2d.tilemap@1.0.0
  com.unity.modules.androidjni@1.0.0
  com.unity.2d.sprite@1.0.0
The following packages were updated:
  com.unity.collab-proxy from version 1.2.9 to 1.2.16
  com.unity.package-manager-ui from version 0.0.0-builtin to 2.2.0
  com.unity.purchasing from version 2.0.1 to 2.0.6
  com.unity.timeline from version 0.0.0-builtin to 1.0.0

=== Sun Mar 17 00:45:20 2019

Packages were changed.
Update Mode: resetToDefaultDependencies

The following packages were updated:
  com.unity.analytics from version 3.2.2 to 3.3.2
  com.unity.purchasing from version 2.0.6 to 2.0.1
  com.unity.package-manager-ui from version 2.2.0 to 2.1.1
  com.unity.collab-proxy from version 1.2.16 to 1.2.15
The following packages were removed:
  com.unity.2d.sprite@1.0.0
  com.unity.2d.tilemap@1.0.0
  com.unity.modules.androidjni@1.0.0
